# JRE version: Java(TM) SE Runtime Environment (8.0_131-b11) (build 1.8.0_131-b11)
# Java VM: Java HotSpot(TM) 64-Bit Server VM (25.131-b11 mixed mode windows-amd64 compressed oops)
Heap:
 PSYoungGen      total 57856K, used 40508K [0x00000000eab00000, 0x00000000f0f00000, 0x0000000100000000)
  eden space 23040K, 60% used [0x00000000eab00000,0x00000000eb894cf8,0x00000000ec180000)
  from space 34816K, 76% used [0x00000000eed00000,0x00000000f06fa440,0x00000000f0f00000)
  to   space 28672K, 0% used [0x00000000ec180000,0x00000000ec180000,0x00000000edd80000)
 ParOldGen       total 80896K, used 66312K [0x00000000c0000000, 0x00000000c4f00000, 0x00000000eab00000)
  object space 80896K, 81% used [0x00000000c0000000,0x00000000c40c20d0,0x00000000c4f00000)
 Metaspace       used 6051K, capacity 7030K, committed 7296K, reserved 1056768K
  class space    used 603K, capacity 622K, committed 640K, reserved 1048576K
GC Heap History (10 events):
Event: 7.210 GC heap before
{Heap before GC invocations=9 (full 1):
 PSYoungGen      total 35328K, used 21792K [0x00000000eab00000, 0x00000000ee680000, 0x0000000100000000)
  eden space 15360K, 100% used [0x00000000eab00000,0x00000000eba00000,0x00000000eba00000)
  from space 19968K, 32% used [0x00000000eba00000,0x00000000ec048010,0x00000000ecd80000)
  to   space 19456K, 0% used [0x00000000ed380000,0x00000000ed380000,0x00000000ee680000)
 ParOldGen       total 80896K, used 45611K [0x00000000c0000000, 0x00000000c4f00000, 0x00000000eab00000)
  object space 80896K, 56% used [0x00000000c0000000,0x00000000c2c8ad90,0x00000000c4f00000)
 Metaspace       used 6019K, capacity 6964K, committed 7040K, reserved 1056768K
  class space    used 601K, capacity 620K, committed 640K, reserved 1048576K
Event: 7.230 GC heap after
Heap after GC invocations=9 (full 1):
 PSYoungGen      total 40960K, used 13470K [0x00000000eab00000, 0x00000000ee780000, 0x0000000100000000)
  eden space 21504K, 0% used [0x00000000eab00000,0x00000000eab00000,0x00000000ec000000)
  from space 19456K, 69% used [0x00000000ed380000,0x00000000ee0a7830,0x00000000ee680000)
  to   space 19968K, 0% used [0x00000000ec000000,0x00000000ec000000,0x00000000ed380000)
 ParOldGen       total 80896K, used 45611K [0x00000000c0000000, 0x00000000c4f00000, 0x00000000eab00000)
  object space 80896K, 56% used [0x00000000c0000000,0x00000000c2c8ad90,0x00000000c4f00000)
 Metaspace       used 6019K, capacity 6964K, committed 7040K, reserved 1056768K
  class space    used 601K, capacity 620K, committed 640K, reserved 1048576K
}
Event: 7.573 GC heap before
{Heap before GC invocations=10 (full 1):
 PSYoungGen      total 40960K, used 34974K [0x00000000eab00000, 0x00000000ee780000, 0x0000000100000000)
  eden space 21504K, 100% used [0x00000000eab00000,0x00000000ec000000,0x00000000ec000000)
  from space 19456K, 69% used [0x00000000ed380000,0x00000000ee0a7830,0x00000000ee680000)
  to   space 19968K, 0% used [0x00000000ec000000,0x00000000ec000000,0x00000000ed380000)
 ParOldGen       total 80896K, used 45611K [0x00000000c0000000, 0x00000000c4f00000, 0x00000000eab00000)
  object space 80896K, 56% used [0x00000000c0000000,0x00000000c2c8ad90,0x00000000c4f00000)
 Metaspace       used 6035K, capacity 6964K, committed 7040K, reserved 1056768K
  class space    used 601K, capacity 620K, committed 640K, reserved 1048576K
Event: 7.642 GC heap after
Heap after GC invocations=10 (full 1):
 PSYoungGen      total 41472K, used 19966K [0x00000000eab00000, 0x00000000ef480000, 0x0000000100000000)
  eden space 21504K, 0% used [0x00000000eab00000,0x00000000eab00000,0x00000000ec000000)
  from space 19968K, 99% used [0x00000000ec000000,0x00000000ed37fb10,0x00000000ed380000)
  to   space 23552K, 0% used [0x00000000edd80000,0x00000000edd80000,0x00000000ef480000)
 ParOldGen       total 80896K, used 47412K [0x00000000c0000000, 0x00000000c4f00000, 0x00000000eab00000)
  object space 80896K, 58% used [0x00000000c0000000,0x00000000c2e4d2c0,0x00000000c4f00000)
 Metaspace       used 6035K, capacity 6964K, committed 7040K, reserved 1056768K
  class space    used 601K, capacity 620K, committed 640K, reserved 1048576K
}
Event: 8.221 GC heap before
{Heap before GC invocations=11 (full 1):
 PSYoungGen      total 41472K, used 41470K [0x00000000eab00000, 0x00000000ef480000, 0x0000000100000000)
  eden space 21504K, 100% used [0x00000000eab00000,0x00000000ec000000,0x00000000ec000000)
  from space 19968K, 99% used [0x00000000ec000000,0x00000000ed37fb10,0x00000000ed380000)
  to   space 23552K, 0% used [0x00000000edd80000,0x00000000edd80000,0x00000000ef480000)
 ParOldGen       total 80896K, used 47412K [0x00000000c0000000, 0x00000000c4f00000, 0x00000000eab00000)
  object space 80896K, 58% used [0x00000000c0000000,0x00000000c2e4d2c0,0x00000000c4f00000)
 Metaspace       used 6051K, capacity 7030K, committed 7296K, reserved 1056768K
  class space    used 603K, capacity 622K, committed 640K, reserved 1048576K
Event: 8.336 GC heap after
Heap after GC invocations=11 (full 1):
 PSYoungGen      total 46592K, used 23532K [0x00000000eab00000, 0x00000000eff00000, 0x0000000100000000)
  eden space 23040K, 0% used [0x00000000eab00000,0x00000000eab00000,0x00000000ec180000)
  from space 23552K, 99% used [0x00000000edd80000,0x00000000ef47b008,0x00000000ef480000)
  to   space 28672K, 0% used [0x00000000ec180000,0x00000000ec180000,0x00000000edd80000)
 ParOldGen       total 80896K, used 52395K [0x00000000c0000000, 0x00000000c4f00000, 0x00000000eab00000)
  object space 80896K, 64% used [0x00000000c0000000,0x00000000c332ad38,0x00000000c4f00000)
 Metaspace       used 6051K, capacity 7030K, committed 7296K, reserved 1056768K
  class space    used 603K, capacity 622K, committed 640K, reserved 1048576K
}
Event: 8.371 GC heap before
{Heap before GC invocations=12 (full 1):
 PSYoungGen      total 46592K, used 46572K [0x00000000eab00000, 0x00000000eff00000, 0x0000000100000000)
  eden space 23040K, 100% used [0x00000000eab00000,0x00000000ec180000,0x00000000ec180000)
  from space 23552K, 99% used [0x00000000edd80000,0x00000000ef47b008,0x00000000ef480000)
  to   space 28672K, 0% used [0x00000000ec180000,0x00000000ec180000,0x00000000edd80000)
 ParOldGen       total 80896K, used 52395K [0x00000000c0000000, 0x00000000c4f00000, 0x00000000eab00000)
  object space 80896K, 64% used [0x00000000c0000000,0x00000000c332ad38,0x00000000c4f00000)
 Metaspace       used 6051K, capacity 7030K, committed 7296K, reserved 1056768K
  class space    used 603K, capacity 622K, committed 640K, reserved 1048576K
Event: 8.410 GC heap after
Heap after GC invocations=12 (full 1):
 PSYoungGen      total 51712K, used 28645K [0x00000000eab00000, 0x00000000f0f00000, 0x0000000100000000)
  eden space 23040K, 0% used [0x00000000eab00000,0x00000000eab00000,0x00000000ec180000)
  from space 28672K, 99% used [0x00000000ec180000,0x00000000edd795d8,0x00000000edd80000)
  to   space 34816K, 0% used [0x00000000eed00000,0x00000000eed00000,0x00000000f0f00000)
 ParOldGen       total 80896K, used 57435K [0x00000000c0000000, 0x00000000c4f00000, 0x00000000eab00000)
  object space 80896K, 70% used [0x00000000c0000000,0x00000000c3816d60,0x00000000c4f00000)
 Metaspace       used 6051K, capacity 7030K, committed 7296K, reserved 1056768K
  class space    used 603K, capacity 622K, committed 640K, reserved 1048576K
}
Event: 8.526 GC heap before
{Heap before GC invocations=13 (full 1):
 PSYoungGen      total 51712K, used 51685K [0x00000000eab00000, 0x00000000f0f00000, 0x0000000100000000)
  eden space 23040K, 100% used [0x00000000eab00000,0x00000000ec180000,0x00000000ec180000)
  from space 28672K, 99% used [0x00000000ec180000,0x00000000edd795d8,0x00000000edd80000)
  to   space 34816K, 0% used [0x00000000eed00000,0x00000000eed00000,0x00000000f0f00000)
 ParOldGen       total 80896K, used 57435K [0x00000000c0000000, 0x00000000c4f00000, 0x00000000eab00000)
  object space 80896K, 70% used [0x00000000c0000000,0x00000000c3816d60,0x00000000c4f00000)
 Metaspace       used 6051K, capacity 7030K, committed 7296K, reserved 1056768K
  class space    used 603K, capacity 622K, committed 640K, reserved 1048576K
Event: 8.575 GC heap after
Heap after GC invocations=13 (full 1):
 PSYoungGen      total 57856K, used 26601K [0x00000000eab00000, 0x00000000f0f00000, 0x0000000100000000)
  eden space 23040K, 0% used [0x00000000eab00000,0x00000000eab00000,0x00000000ec180000)
  from space 34816K, 76% used [0x00000000eed00000,0x00000000f06fa440,0x00000000f0f00000)
  to   space 28672K, 0% used [0x00000000ec180000,0x00000000ec180000,0x00000000edd80000)
 ParOldGen       total 80896K, used 66312K [0x00000000c0000000, 0x00000000c4f00000, 0x00000000eab00000)
  object space 80896K, 81% used [0x00000000c0000000,0x00000000c40c20d0,0x00000000c4f00000)
 Metaspace       used 6051K, capacity 7030K, committed 7296K, reserved 1056768K
  class space    used 603K, capacity 622K, committed 640K, reserved 1048576K
}

